<?xml version="1.0" encoding="UTF-8"?>
<!-- Generated by org.testng.reporters.JUnitReportReporter -->
<testsuite hostname="DESKTOP-6RJF7GJ" failures="0" tests="1" name="com.demoqa.tests.TestApplication" time="17.107" errors="0" timestamp="2022-06-02T21:06:24 CDT" skipped="0">
  <testcase classname="com.demoqa.tests.TestApplication" name="validateLaunchApplication" time="17.107"/>
  <system-out/>
</testsuite> <!-- com.demoqa.tests.TestApplication -->
