<?xml version="1.0" encoding="UTF-8"?>
<!-- Generated by org.testng.reporters.JUnitReportReporter -->
<testsuite hostname="DESKTOP-6RJF7GJ" failures="0" tests="1" name="TestApplication" time="14.597" errors="0" timestamp="2022-06-02T19:58:12 CDT" skipped="0">
  <testcase classname="TestApplication" name="validateLaunchApplication" time="14.597"/>
  <system-out/>
</testsuite> <!-- TestApplication -->
